<?xml version="1.0" encoding="UTF-8"?>
<!-- Generated by org.testng.reporters.JUnitXMLReporter -->
<testsuite ignored="0" hostname="Siddhants-MacBook-Air.local" failures="0" tests="2" name="Default test" time="45.689" errors="0" timestamp="2026-02-02T21:19:54 IST">
  <testcase classname="io.cucumber.testng.AbstractTestNGCucumberTests" name="runScenario" time="21.1"/>
  <testcase classname="io.cucumber.testng.AbstractTestNGCucumberTests" name="runScenario" time="24.374"/>
</testsuite> <!-- Default test -->
